<?xml version="1.0" encoding="UTF-8"?>
<!-- Generated by org.testng.reporters.JUnitXMLReporter -->
<testsuite ignored="5" hostname="DESKTOP-O0NLTGO" failures="0" tests="3" name="Test" time="31.284" errors="0" timestamp="2022-01-25T17:05:47 IST">
  <testcase classname="login_check.Login" name="logoutbtn_verfying" time="4.825"/>
  <testcase classname="login_check.Login" name="HomePagetitle" time="0.012"/>
  <testcase classname="login_check.Login" name="Report_PageVerfying" time="2.823"/>
  <testcase classname="login_check.Login" name="SkipTestCaseonCondition" time="0.0">
    <ignored/>
  </testcase> <!-- SkipTestCaseonCondition -->
  <testcase classname="login_check.Login" name="userPage_verfying" time="0.0">
    <ignored/>
  </testcase> <!-- userPage_verfying -->
  <testcase classname="login_check.Login" name="SkipTestCase" time="0.0">
    <ignored/>
  </testcase> <!-- SkipTestCase -->
  <testcase classname="login_check.Login" name="Task_pageVerifying" time="0.0">
    <ignored/>
  </testcase> <!-- Task_pageVerifying -->
  <testcase classname="login_check.Login" name="SkipTestCaseForcefully" time="0.0">
    <ignored/>
  </testcase> <!-- SkipTestCaseForcefully -->
</testsuite> <!-- Test -->
