<?xml version="1.0" encoding="UTF-8"?>
<!-- Generated by org.testng.reporters.JUnitXMLReporter -->
<testsuite ignored="2" hostname="DESKTOP-O0NLTGO" failures="0" tests="14" name="Test" time="41.294" errors="0" timestamp="2022-01-06T20:16:44 IST">
  <testcase classname="GenericUtility.BaseClass" name="@BeforeMethod login_Application" time="0.002">
    <failure type="java.lang.NullPointerException">
      <![CDATA[java.lang.NullPointerException
at org.openqa.selenium.support.pagefactory.DefaultElementLocator.findElement(DefaultElementLocator.java:69)
at org.openqa.selenium.support.pagefactory.internal.LocatingElementHandler.invoke(LocatingElementHandler.java:38)
at com.sun.proxy.$Proxy15.sendKeys(Unknown Source)
at PageObjects.LoginPage.user_send(LoginPage.java:55)
at GenericUtility.BaseClass.login_Application(BaseClass.java:77)
at java.base/java.util.ArrayList.forEach(ArrayList.java:1541)
... Removed 32 stack frames]]>
    </failure>
  </testcase> <!-- @BeforeMethod login_Application -->
  <testcase classname="GenericUtility.BaseClass" name="@AfterMethod logout_Application" time="0.0">
    <failure type="java.lang.NullPointerException">
      <![CDATA[java.lang.NullPointerException
at org.openqa.selenium.support.pagefactory.DefaultElementLocator.findElement(DefaultElementLocator.java:69)
at org.openqa.selenium.support.pagefactory.internal.LocatingElementHandler.invoke(LocatingElementHandler.java:38)
at com.sun.proxy.$Proxy15.click(Unknown Source)
at PageObjects.HomPage.logOutBtnclick(HomPage.java:72)
at GenericUtility.BaseClass.logout_Application(BaseClass.java:86)
at java.base/java.util.ArrayList.forEach(ArrayList.java:1541)
... Removed 33 stack frames]]>
    </failure>
  </testcase> <!-- @AfterMethod logout_Application -->
  <testcase classname="GenericUtility.BaseClass" name="@BeforeMethod login_Application" time="0.001">
    <failure type="java.lang.NullPointerException">
      <![CDATA[java.lang.NullPointerException
at org.openqa.selenium.support.pagefactory.DefaultElementLocator.findElement(DefaultElementLocator.java:69)
at org.openqa.selenium.support.pagefactory.internal.LocatingElementHandler.invoke(LocatingElementHandler.java:38)
at com.sun.proxy.$Proxy15.sendKeys(Unknown Source)
at PageObjects.LoginPage.user_send(LoginPage.java:55)
at GenericUtility.BaseClass.login_Application(BaseClass.java:77)
at java.base/java.util.ArrayList.forEach(ArrayList.java:1541)
... Removed 32 stack frames]]>
    </failure>
  </testcase> <!-- @BeforeMethod login_Application -->
  <testcase classname="GenericUtility.BaseClass" name="@AfterMethod logout_Application" time="0.001">
    <failure type="java.lang.NullPointerException">
      <![CDATA[java.lang.NullPointerException
at org.openqa.selenium.support.pagefactory.DefaultElementLocator.findElement(DefaultElementLocator.java:69)
at org.openqa.selenium.support.pagefactory.internal.LocatingElementHandler.invoke(LocatingElementHandler.java:38)
at com.sun.proxy.$Proxy15.click(Unknown Source)
at PageObjects.HomPage.logOutBtnclick(HomPage.java:72)
at GenericUtility.BaseClass.logout_Application(BaseClass.java:86)
at java.base/java.util.ArrayList.forEach(ArrayList.java:1541)
... Removed 33 stack frames]]>
    </failure>
  </testcase> <!-- @AfterMethod logout_Application -->
  <testcase classname="GenericUtility.BaseClass" name="@BeforeMethod login_Application" time="0.001">
    <failure type="java.lang.NullPointerException">
      <![CDATA[java.lang.NullPointerException
at org.openqa.selenium.support.pagefactory.DefaultElementLocator.findElement(DefaultElementLocator.java:69)
at org.openqa.selenium.support.pagefactory.internal.LocatingElementHandler.invoke(LocatingElementHandler.java:38)
at com.sun.proxy.$Proxy15.sendKeys(Unknown Source)
at PageObjects.LoginPage.user_send(LoginPage.java:55)
at GenericUtility.BaseClass.login_Application(BaseClass.java:77)
at java.base/java.util.ArrayList.forEach(ArrayList.java:1541)
... Removed 32 stack frames]]>
    </failure>
  </testcase> <!-- @BeforeMethod login_Application -->
  <testcase classname="GenericUtility.BaseClass" name="@AfterMethod logout_Application" time="0.001">
    <failure type="java.lang.NullPointerException">
      <![CDATA[java.lang.NullPointerException
at org.openqa.selenium.support.pagefactory.DefaultElementLocator.findElement(DefaultElementLocator.java:69)
at org.openqa.selenium.support.pagefactory.internal.LocatingElementHandler.invoke(LocatingElementHandler.java:38)
at com.sun.proxy.$Proxy15.click(Unknown Source)
at PageObjects.HomPage.logOutBtnclick(HomPage.java:72)
at GenericUtility.BaseClass.logout_Application(BaseClass.java:86)
at java.base/java.util.ArrayList.forEach(ArrayList.java:1541)
... Removed 33 stack frames]]>
    </failure>
  </testcase> <!-- @AfterMethod logout_Application -->
  <testcase classname="GenericUtility.BaseClass" name="@BeforeMethod login_Application" time="0.001">
    <failure type="java.lang.NullPointerException">
      <![CDATA[java.lang.NullPointerException
at org.openqa.selenium.support.pagefactory.DefaultElementLocator.findElement(DefaultElementLocator.java:69)
at org.openqa.selenium.support.pagefactory.internal.LocatingElementHandler.invoke(LocatingElementHandler.java:38)
at com.sun.proxy.$Proxy15.sendKeys(Unknown Source)
at PageObjects.LoginPage.user_send(LoginPage.java:55)
at GenericUtility.BaseClass.login_Application(BaseClass.java:77)
at java.base/java.util.ArrayList.forEach(ArrayList.java:1541)
... Removed 32 stack frames]]>
    </failure>
  </testcase> <!-- @BeforeMethod login_Application -->
  <testcase classname="GenericUtility.BaseClass" name="@AfterMethod logout_Application" time="0.001">
    <failure type="java.lang.NullPointerException">
      <![CDATA[java.lang.NullPointerException
at org.openqa.selenium.support.pagefactory.DefaultElementLocator.findElement(DefaultElementLocator.java:69)
at org.openqa.selenium.support.pagefactory.internal.LocatingElementHandler.invoke(LocatingElementHandler.java:38)
at com.sun.proxy.$Proxy15.click(Unknown Source)
at PageObjects.HomPage.logOutBtnclick(HomPage.java:72)
at GenericUtility.BaseClass.logout_Application(BaseClass.java:86)
at java.base/java.util.ArrayList.forEach(ArrayList.java:1541)
... Removed 33 stack frames]]>
    </failure>
  </testcase> <!-- @AfterMethod logout_Application -->
  <testcase classname="GenericUtility.BaseClass" name="@BeforeMethod login_Application" time="0.002">
    <failure type="java.lang.NullPointerException">
      <![CDATA[java.lang.NullPointerException
at org.openqa.selenium.support.pagefactory.DefaultElementLocator.findElement(DefaultElementLocator.java:69)
at org.openqa.selenium.support.pagefactory.internal.LocatingElementHandler.invoke(LocatingElementHandler.java:38)
at com.sun.proxy.$Proxy15.sendKeys(Unknown Source)
at PageObjects.LoginPage.user_send(LoginPage.java:55)
at GenericUtility.BaseClass.login_Application(BaseClass.java:77)
at java.base/java.util.ArrayList.forEach(ArrayList.java:1541)
... Removed 32 stack frames]]>
    </failure>
  </testcase> <!-- @BeforeMethod login_Application -->
  <testcase classname="GenericUtility.BaseClass" name="@AfterMethod logout_Application" time="0.001">
    <failure type="java.lang.NullPointerException">
      <![CDATA[java.lang.NullPointerException
at org.openqa.selenium.support.pagefactory.DefaultElementLocator.findElement(DefaultElementLocator.java:69)
at org.openqa.selenium.support.pagefactory.internal.LocatingElementHandler.invoke(LocatingElementHandler.java:38)
at com.sun.proxy.$Proxy15.click(Unknown Source)
at PageObjects.HomPage.logOutBtnclick(HomPage.java:72)
at GenericUtility.BaseClass.logout_Application(BaseClass.java:86)
at java.base/java.util.ArrayList.forEach(ArrayList.java:1541)
... Removed 33 stack frames]]>
    </failure>
  </testcase> <!-- @AfterMethod logout_Application -->
  <testcase classname="GenericUtility.BaseClass" name="@BeforeMethod login_Application" time="0.003">
    <failure type="java.lang.NullPointerException">
      <![CDATA[java.lang.NullPointerException
at org.openqa.selenium.support.pagefactory.DefaultElementLocator.findElement(DefaultElementLocator.java:69)
at org.openqa.selenium.support.pagefactory.internal.LocatingElementHandler.invoke(LocatingElementHandler.java:38)
at com.sun.proxy.$Proxy15.sendKeys(Unknown Source)
at PageObjects.LoginPage.user_send(LoginPage.java:55)
at GenericUtility.BaseClass.login_Application(BaseClass.java:77)
at java.base/java.util.ArrayList.forEach(ArrayList.java:1541)
... Removed 32 stack frames]]>
    </failure>
  </testcase> <!-- @BeforeMethod login_Application -->
  <testcase classname="GenericUtility.BaseClass" name="@AfterMethod logout_Application" time="0.001">
    <failure type="java.lang.NullPointerException">
      <![CDATA[java.lang.NullPointerException
at org.openqa.selenium.support.pagefactory.DefaultElementLocator.findElement(DefaultElementLocator.java:69)
at org.openqa.selenium.support.pagefactory.internal.LocatingElementHandler.invoke(LocatingElementHandler.java:38)
at com.sun.proxy.$Proxy15.click(Unknown Source)
at PageObjects.HomPage.logOutBtnclick(HomPage.java:72)
at GenericUtility.BaseClass.logout_Application(BaseClass.java:86)
at java.base/java.util.ArrayList.forEach(ArrayList.java:1541)
... Removed 33 stack frames]]>
    </failure>
  </testcase> <!-- @AfterMethod logout_Application -->
  <testcase classname="GenericUtility.BaseClass" name="@BeforeMethod login_Application" time="0.001">
    <failure type="java.lang.NullPointerException">
      <![CDATA[java.lang.NullPointerException
at org.openqa.selenium.support.pagefactory.DefaultElementLocator.findElement(DefaultElementLocator.java:69)
at org.openqa.selenium.support.pagefactory.internal.LocatingElementHandler.invoke(LocatingElementHandler.java:38)
at com.sun.proxy.$Proxy15.sendKeys(Unknown Source)
at PageObjects.LoginPage.user_send(LoginPage.java:55)
at GenericUtility.BaseClass.login_Application(BaseClass.java:77)
at java.base/java.util.ArrayList.forEach(ArrayList.java:1541)
... Removed 31 stack frames]]>
    </failure>
  </testcase> <!-- @BeforeMethod login_Application -->
  <testcase classname="GenericUtility.BaseClass" name="@AfterMethod logout_Application" time="0.001">
    <failure type="java.lang.NullPointerException">
      <![CDATA[java.lang.NullPointerException
at org.openqa.selenium.support.pagefactory.DefaultElementLocator.findElement(DefaultElementLocator.java:69)
at org.openqa.selenium.support.pagefactory.internal.LocatingElementHandler.invoke(LocatingElementHandler.java:38)
at com.sun.proxy.$Proxy15.click(Unknown Source)
at PageObjects.HomPage.logOutBtnclick(HomPage.java:72)
at GenericUtility.BaseClass.logout_Application(BaseClass.java:86)
at java.base/java.util.ArrayList.forEach(ArrayList.java:1541)
... Removed 32 stack frames]]>
    </failure>
  </testcase> <!-- @AfterMethod logout_Application -->
  <testcase classname="login_check.Login" name="SkipTestCaseForcefully" time="0.002">
    <skipped/>
  </testcase> <!-- SkipTestCaseForcefully -->
  <testcase classname="login_check.Login" name="SkipTestCaseonCondition" time="0.002">
    <skipped/>
  </testcase> <!-- SkipTestCaseonCondition -->
  <testcase classname="login_check.Login" name="logoutbtn_verfying" time="2.26"/>
  <testcase classname="login_check.Login" name="Task_pageVerifying" time="2.432"/>
  <testcase classname="login_check.Login" name="HomePagetitle" time="0.03"/>
  <testcase classname="login_check.Login" name="Report_PageVerfying" time="2.302"/>
  <testcase classname="login_check.Login" name="userPage_verfying" time="2.699"/>
  <testcase classname="login_check.Login_actitym" name="TC1" time="0.0">
    <skipped/>
  </testcase> <!-- TC1 -->
  <testcase classname="login_check.Login_actitym" name="TC1" time="0.0">
    <skipped/>
  </testcase> <!-- TC1 -->
  <testcase classname="login_check.Login_actitym" name="TC1" time="0.0">
    <skipped/>
  </testcase> <!-- TC1 -->
  <testcase classname="login_check.Login_actitym" name="TC1" time="0.0">
    <skipped/>
  </testcase> <!-- TC1 -->
  <testcase classname="login_check.Login_actitym" name="TC1" time="0.0">
    <skipped/>
  </testcase> <!-- TC1 -->
  <testcase classname="login_check.Login_actitym" name="TC1" time="0.0">
    <skipped/>
  </testcase> <!-- TC1 -->
  <testcase classname="login_check.Login_actitym" name="TC1" time="0.0">
    <skipped/>
  </testcase> <!-- TC1 -->
  <testcase classname="GenericUtility.BaseClass" name="@BeforeTest launch_Browser" time="0.0">
    <ignored/>
  </testcase> <!-- @BeforeTest launch_Browser -->
  <testcase classname="login_check.Login" name="SkipTestCase" time="0.0">
    <ignored/>
  </testcase> <!-- SkipTestCase -->
</testsuite> <!-- Test -->
