<?xml version="1.0" encoding="UTF-8"?>
<!-- Generated by org.testng.reporters.JUnitXMLReporter -->
<testsuite ignored="5" hostname="DESKTOP-O0NLTGO" failures="0" tests="3" name="Test" time="23.984" errors="0" timestamp="2022-01-06T20:04:19 IST">
  <testcase classname="login_check.Login" name="logoutbtn_verfying" time="4.037"/>
  <testcase classname="login_check.Login" name="Task_pageVerifying" time="2.2"/>
  <testcase classname="login_check.Login" name="userPage_verfying" time="2.134"/>
  <testcase classname="login_check.Login" name="HomePagetitle" time="0.0">
    <ignored/>
  </testcase> <!-- HomePagetitle -->
  <testcase classname="login_check.Login" name="SkipTestCaseonCondition" time="0.0">
    <ignored/>
  </testcase> <!-- SkipTestCaseonCondition -->
  <testcase classname="login_check.Login" name="Report_PageVerfying" time="0.0">
    <ignored/>
  </testcase> <!-- Report_PageVerfying -->
  <testcase classname="login_check.Login" name="SkipTestCase" time="0.0">
    <ignored/>
  </testcase> <!-- SkipTestCase -->
  <testcase classname="login_check.Login" name="SkipTestCaseForcefully" time="0.0">
    <ignored/>
  </testcase> <!-- SkipTestCaseForcefully -->
</testsuite> <!-- Test -->
